c:\users\robert\source\repos\snakegame_oop\snakegame_oop\x64\debug\vc143.pdb
c:\users\robert\source\repos\snakegame_oop\snakegame_oop\x64\debug\vc143.idb
c:\users\robert\source\repos\snakegame_oop\snakegame_oop\x64\debug\snakehead.obj
c:\users\robert\source\repos\snakegame_oop\snakegame_oop\x64\debug\snake.obj
c:\users\robert\source\repos\snakegame_oop\snakegame_oop\x64\debug\point.obj
c:\users\robert\source\repos\snakegame_oop\snakegame_oop\x64\debug\main.obj
c:\users\robert\source\repos\snakegame_oop\snakegame_oop\x64\debug\fruit.obj
c:\users\robert\source\repos\snakegame_oop\snakegame_oop\x64\debug\game.obj
c:\users\robert\source\repos\snakegame_oop\x64\debug\snakegame_oop.pdb
c:\users\robert\source\repos\snakegame_oop\snakegame_oop\x64\debug\snakegame_oop.tlog\cl.command.1.tlog
c:\users\robert\source\repos\snakegame_oop\snakegame_oop\x64\debug\snakegame_oop.tlog\cl.read.1.tlog
c:\users\robert\source\repos\snakegame_oop\snakegame_oop\x64\debug\snakegame_oop.tlog\cl.write.1.tlog
c:\users\robert\source\repos\snakegame_oop\snakegame_oop\x64\debug\snakegame_oop.tlog\link-cvtres.read.1.tlog
c:\users\robert\source\repos\snakegame_oop\snakegame_oop\x64\debug\snakegame_oop.tlog\link-cvtres.write.1.tlog
c:\users\robert\source\repos\snakegame_oop\snakegame_oop\x64\debug\snakegame_oop.tlog\link-rc.read.1.tlog
c:\users\robert\source\repos\snakegame_oop\snakegame_oop\x64\debug\snakegame_oop.tlog\link-rc.write.1.tlog
c:\users\robert\source\repos\snakegame_oop\snakegame_oop\x64\debug\snakegame_oop.tlog\link.5528-cvtres.read.1.tlog
c:\users\robert\source\repos\snakegame_oop\snakegame_oop\x64\debug\snakegame_oop.tlog\link.5528-cvtres.write.1.tlog
c:\users\robert\source\repos\snakegame_oop\snakegame_oop\x64\debug\snakegame_oop.tlog\link.5528-rc.read.1.tlog
c:\users\robert\source\repos\snakegame_oop\snakegame_oop\x64\debug\snakegame_oop.tlog\link.5528-rc.write.1.tlog
c:\users\robert\source\repos\snakegame_oop\snakegame_oop\x64\debug\snakegame_oop.tlog\link.5528.read.1.tlog
c:\users\robert\source\repos\snakegame_oop\snakegame_oop\x64\debug\snakegame_oop.tlog\link.5528.read.2.tlog
c:\users\robert\source\repos\snakegame_oop\snakegame_oop\x64\debug\snakegame_oop.tlog\link.5528.write.1.tlog
c:\users\robert\source\repos\snakegame_oop\snakegame_oop\x64\debug\snakegame_oop.tlog\link.command.1.tlog
c:\users\robert\source\repos\snakegame_oop\snakegame_oop\x64\debug\snakegame_oop.tlog\link.read.1.tlog
c:\users\robert\source\repos\snakegame_oop\snakegame_oop\x64\debug\snakegame_oop.tlog\link.read.2.tlog
c:\users\robert\source\repos\snakegame_oop\snakegame_oop\x64\debug\snakegame_oop.tlog\link.read.3.tlog
c:\users\robert\source\repos\snakegame_oop\snakegame_oop\x64\debug\snakegame_oop.tlog\link.write.1.tlog
